Using pre-set license
Built from '6000.0/staging' branch; Version is '6000.0.58f1 (44b8bf3a3225) revision 4503743'; Using compiler version '193933523'; Build Type 'Release'
OS: 'Windows 11  (10.0.26200) 64bit Core' Language: 'fr' Physical Memory: 14060 MB
BatchMode: 1, IsHumanControllingUs: 0, StartBugReporterOnCrash: 0, Is64bit: 1
Date: 2025-10-31T15:17:44Z

COMMAND LINE ARGUMENTS:
C:\Program Files\Unity\Hub\Editor\6000.0.58f1\Editor\Unity.exe
-adb2
-batchMode
-noUpm
-name
AssetImportWorker2
-projectPath
C:/Users/victo/TP3JeuxVideo2
-logFile
Logs/AssetImportWorker2.log
-srvPort
52774
-job-worker-count
7
-background-job-worker-count
8
-gc-helper-count
1
-name
AssetImport
Successfully changed project path to: C:/Users/victo/TP3JeuxVideo2
C:/Users/victo/TP3JeuxVideo2
[UnityMemory] Configuration Parameters - Can be set up in boot.config
    "memorysetup-bucket-allocator-granularity=16"
    "memorysetup-bucket-allocator-bucket-count=8"
    "memorysetup-bucket-allocator-block-size=33554432"
    "memorysetup-bucket-allocator-block-count=8"
    "memorysetup-main-allocator-block-size=16777216"
    "memorysetup-thread-allocator-block-size=16777216"
    "memorysetup-gfx-main-allocator-block-size=16777216"
    "memorysetup-gfx-thread-allocator-block-size=16777216"
    "memorysetup-cache-allocator-block-size=4194304"
    "memorysetup-typetree-allocator-block-size=2097152"
    "memorysetup-profiler-bucket-allocator-granularity=16"
    "memorysetup-profiler-bucket-allocator-bucket-count=8"
    "memorysetup-profiler-bucket-allocator-block-size=33554432"
    "memorysetup-profiler-bucket-allocator-block-count=8"
    "memorysetup-profiler-allocator-block-size=16777216"
    "memorysetup-profiler-editor-allocator-block-size=1048576"
    "memorysetup-temp-allocator-size-main=16777216"
    "memorysetup-job-temp-allocator-block-size=2097152"
    "memorysetup-job-temp-allocator-block-size-background=1048576"
    "memorysetup-job-temp-allocator-reduction-small-platforms=262144"
    "memorysetup-allocator-temp-initial-block-size-main=262144"
    "memorysetup-allocator-temp-initial-block-size-worker=262144"
    "memorysetup-temp-allocator-size-background-worker=32768"
    "memorysetup-temp-allocator-size-job-worker=262144"
    "memorysetup-temp-allocator-size-preload-manager=33554432"
    "memorysetup-temp-allocator-size-nav-mesh-worker=65536"
    "memorysetup-temp-allocator-size-audio-worker=65536"
    "memorysetup-temp-allocator-size-cloud-worker=32768"
    "memorysetup-temp-allocator-size-gi-baking-worker=262144"
    "memorysetup-temp-allocator-size-gi-baking-worker=262144"
    "memorysetup-temp-allocator-size-gi-baking-worker=262144"
    "memorysetup-temp-allocator-size-gi-baking-worker=262144"
    "memorysetup-temp-allocator-size-gi-baking-worker=262144"
    "memorysetup-temp-allocator-size-gfx=262144"
Player connection [21540]  Target information:

Player connection [21540]  * "[IP] 172.22.150.248 [Port] 0 [Flags] 2 [Guid] 298671540 [EditorId] 298671540 [Version] 1048832 [Id] WindowsEditor(7,DESKTOP-0LB73CT) [Debug] 1 [PackageName] WindowsEditor [ProjectName] Editor" 

Player connection [21540] Host joined multi-casting on [225.0.0.222:54997]...
Player connection [21540] Host joined alternative multi-casting on [225.0.0.222:34997]...
JobSystem: Creating JobQueue using job-worker-count value 7
Input System module state changed to: Initialized.
[Physics::Module] Initialized fallback backend.
[Physics::Module] Id: 0xdecafbad
Library Redirect Path: Library/
[Physics::Module] Selected backend.
[Physics::Module] Name: PhysX
[Physics::Module] Id: 0xf2b8ea05
[Physics::Module] SDK Version: 4.1.2
[Physics::Module] Integration Version: 1.0.0
[Physics::Module] Threading Mode: Multi-Threaded
Refreshing native plugins compatible for Editor in 8.50 ms, found 3 plugins.
Preloading 0 native plugins for Editor in 0.00 ms.
Initialize engine version: 6000.0.58f1 (44b8bf3a3225)
[Subsystems] Discovering subsystems at path C:/Program Files/Unity/Hub/Editor/6000.0.58f1/Editor/Data/Resources/UnitySubsystems
[Subsystems] Discovering subsystems at path C:/Users/victo/TP3JeuxVideo2/Assets
GfxDevice: creating device client; kGfxThreadingModeNonThreaded
Direct3D:
    Version:  Direct3D 11.0 [level 11.1]
    Renderer: Intel(R) Iris(R) Xe Graphics (ID=0xa7a0)
    Vendor:   Intel
    VRAM:     7030 MB
    Driver:   32.0.101.5542
Initialize mono
Mono path[0] = 'C:/Program Files/Unity/Hub/Editor/6000.0.58f1/Editor/Data/Managed'
Mono path[1] = 'C:/Program Files/Unity/Hub/Editor/6000.0.58f1/Editor/Data/MonoBleedingEdge/lib/mono/unityjit-win32'
Mono config path = 'C:/Program Files/Unity/Hub/Editor/6000.0.58f1/Editor/Data/MonoBleedingEdge/etc'
Using monoOptions --debugger-agent=transport=dt_socket,embedding=1,server=y,suspend=n,address=127.0.0.1:56972
Begin MonoManager ReloadAssembly
Registering precompiled unity dll's ...
Register platform support module: C:/Program Files/Unity/Hub/Editor/6000.0.58f1/Editor/Data/PlaybackEngines/WindowsStandaloneSupport/UnityEditor.WindowsStandalone.Extensions.dll
Registered in 0.009353 seconds.
- Loaded All Assemblies, in  1.074 seconds
Native extension for WindowsStandalone target not found
Mono: successfully reloaded assembly
- Finished resetting the current domain, in  0.545 seconds
Domain Reload Profiling: 1616ms
	BeginReloadAssembly (488ms)
		ExecutionOrderSort (0ms)
		DisableScriptedObjects (0ms)
		BackupInstance (0ms)
		ReleaseScriptingObjects (0ms)
		CreateAndSetChildDomain (2ms)
	RebuildCommonClasses (107ms)
	RebuildNativeTypeToScriptingClass (22ms)
	initialDomainReloadingComplete (86ms)
	LoadAllAssembliesAndSetupDomain (367ms)
		LoadAssemblies (475ms)
		RebuildTransferFunctionScriptingTraits (0ms)
		AnalyzeDomain (362ms)
			TypeCache.Refresh (361ms)
				TypeCache.ScanAssembly (334ms)
			BuildScriptInfoCaches (0ms)
			ResolveRequiredComponents (1ms)
	FinalizeReload (546ms)
		ReleaseScriptCaches (0ms)
		RebuildScriptCaches (0ms)
		SetupLoadedEditorAssemblies (469ms)
			LogAssemblyErrors (0ms)
			InitializePlatformSupportModulesInManaged (32ms)
			SetLoadedEditorAssemblies (8ms)
			BeforeProcessingInitializeOnLoad (146ms)
			ProcessInitializeOnLoadAttributes (199ms)
			ProcessInitializeOnLoadMethodAttributes (84ms)
			AfterProcessingInitializeOnLoad (0ms)
			EditorAssembliesLoaded (1ms)
		ExecutionOrderSort2 (0ms)
		AwakeInstancesAfterBackupRestoration (0ms)
========================================================================
Worker process is ready to serve import requests
Import Worker Mode flag is 0x00
Begin MonoManager ReloadAssembly
- Loaded All Assemblies, in  1.604 seconds
Refreshing native plugins compatible for Editor in 3.06 ms, found 3 plugins.
Native extension for WindowsStandalone target not found
Package Manager log level set to [2]
[Package Manager] Failed to launch server process. Reason: Unity was launched with the -noUpm command-line argument
[Package Manager] Unable to send message (not connected to server process).
[Package Manager] Cannot connect to Unity Package Manager local server
Mono: successfully reloaded assembly
- Finished resetting the current domain, in  1.396 seconds
Domain Reload Profiling: 2994ms
	BeginReloadAssembly (256ms)
		ExecutionOrderSort (0ms)
		DisableScriptedObjects (7ms)
		BackupInstance (0ms)
		ReleaseScriptingObjects (0ms)
		CreateAndSetChildDomain (35ms)
	RebuildCommonClasses (115ms)
	RebuildNativeTypeToScriptingClass (24ms)
	initialDomainReloadingComplete (54ms)
	LoadAllAssembliesAndSetupDomain (1148ms)
		LoadAssemblies (850ms)
		RebuildTransferFunctionScriptingTraits (0ms)
		AnalyzeDomain (451ms)
			TypeCache.Refresh (367ms)
				TypeCache.ScanAssembly (345ms)
			BuildScriptInfoCaches (65ms)
			ResolveRequiredComponents (15ms)
	FinalizeReload (1396ms)
		ReleaseScriptCaches (0ms)
		RebuildScriptCaches (0ms)
		SetupLoadedEditorAssemblies (1082ms)
			LogAssemblyErrors (0ms)
			InitializePlatformSupportModulesInManaged (3ms)
			SetLoadedEditorAssemblies (7ms)
			BeforeProcessingInitializeOnLoad (233ms)
			ProcessInitializeOnLoadAttributes (732ms)
			ProcessInitializeOnLoadMethodAttributes (94ms)
			AfterProcessingInitializeOnLoad (12ms)
			EditorAssembliesLoaded (1ms)
		ExecutionOrderSort2 (0ms)
		AwakeInstancesAfterBackupRestoration (10ms)
Launched and connected shader compiler UnityShaderCompiler.exe after 0.05 seconds
Refreshing native plugins compatible for Editor in 2.30 ms, found 3 plugins.
Preloading 0 native plugins for Editor in 0.00 ms.
Unloading 31 Unused Serialized files (Serialized files now loaded: 0)
Unloading 6098 unused Assets / (6.5 MB). Loaded Objects now: 6752.
Memory consumption went from 131.6 MB to 125.1 MB.
Total: 12.006500 ms (FindLiveObjects: 0.493000 ms CreateObjectMapping: 0.350000 ms MarkObjects: 7.392100 ms  DeleteObjects: 3.768800 ms)

========================================================================
Received Import Request.
  Time since last request: 745.459967 seconds.
  path: Assets/Textures/Camera_texture.mat
  artifactKey: Guid(9c390bd92b0c4244cbb21d0edfa5657a) Importer(815301076,1909f56bfc062723c751e8b465ee728b)
Start importing Assets/Textures/Camera_texture.mat using Guid(9c390bd92b0c4244cbb21d0edfa5657a) Importer(815301076,1909f56bfc062723c751e8b465ee728b) (PreviewImporter) -> (artifact id: 'afbc829142fbfaabbaf909ed636e535e') in 0.7967591 seconds
Number of updated asset objects reloaded before import = 0Number of asset objects unloaded after import = 2

========================================================================
Received Import Request.
  Time since last request: 55.137235 seconds.
  path: Assets/Textures/Camera_texture.mat
  artifactKey: Guid(9c390bd92b0c4244cbb21d0edfa5657a) Importer(815301076,1909f56bfc062723c751e8b465ee728b)
Start importing Assets/Textures/Camera_texture.mat using Guid(9c390bd92b0c4244cbb21d0edfa5657a) Importer(815301076,1909f56bfc062723c751e8b465ee728b) (PreviewImporter) -> (artifact id: '244bb951521a5c193c0438007e5a57b4') in 0.0908015 seconds
Number of updated asset objects reloaded before import = 0Number of asset objects unloaded after import = 2

========================================================================
Received Import Request.
  Time since last request: 411.281998 seconds.
  path: Assets/Textures/Camera_texture2.mat
  artifactKey: Guid(967e1686fcc2f044ea10fef93ca3f43e) Importer(815301076,1909f56bfc062723c751e8b465ee728b)
Start importing Assets/Textures/Camera_texture2.mat using Guid(967e1686fcc2f044ea10fef93ca3f43e) Importer(815301076,1909f56bfc062723c751e8b465ee728b) (PreviewImporter) -> (artifact id: '34670baf71979c721448a603d2218047') in 0.1248081 seconds
Number of updated asset objects reloaded before import = 0Number of asset objects unloaded after import = 4

========================================================================
Received Prepare
Begin MonoManager ReloadAssembly
- Loaded All Assemblies, in  8.581 seconds
Refreshing native plugins compatible for Editor in 1.09 ms, found 3 plugins.
Native extension for WindowsStandalone target not found
[Package Manager] Failed to launch server process. Reason: Unity was launched with the -noUpm command-line argument
[Package Manager] Unable to send message (not connected to server process).
[Package Manager] Cannot connect to Unity Package Manager local server
Mono: successfully reloaded assembly
- Finished resetting the current domain, in  1.378 seconds
Domain Reload Profiling: 9961ms
	BeginReloadAssembly (1161ms)
		ExecutionOrderSort (0ms)
		DisableScriptedObjects (39ms)
		BackupInstance (0ms)
		ReleaseScriptingObjects (0ms)
		CreateAndSetChildDomain (95ms)
	RebuildCommonClasses (440ms)
	RebuildNativeTypeToScriptingClass (15ms)
	initialDomainReloadingComplete (35ms)
	LoadAllAssembliesAndSetupDomain (6931ms)
		LoadAssemblies (7253ms)
		RebuildTransferFunctionScriptingTraits (0ms)
		AnalyzeDomain (608ms)
			TypeCache.Refresh (462ms)
				TypeCache.ScanAssembly (442ms)
			BuildScriptInfoCaches (116ms)
			ResolveRequiredComponents (25ms)
	FinalizeReload (1379ms)
		ReleaseScriptCaches (0ms)
		RebuildScriptCaches (0ms)
		SetupLoadedEditorAssemblies (1102ms)
			LogAssemblyErrors (0ms)
			InitializePlatformSupportModulesInManaged (3ms)
			SetLoadedEditorAssemblies (9ms)
			BeforeProcessingInitializeOnLoad (354ms)
			ProcessInitializeOnLoadAttributes (578ms)
			ProcessInitializeOnLoadMethodAttributes (148ms)
			AfterProcessingInitializeOnLoad (10ms)
			EditorAssembliesLoaded (1ms)
		ExecutionOrderSort2 (0ms)
		AwakeInstancesAfterBackupRestoration (30ms)
Refreshing native plugins compatible for Editor in 1.42 ms, found 3 plugins.
Preloading 0 native plugins for Editor in 0.00 ms.
Unloading 68 Unused Serialized files (Serialized files now loaded: 0)
Unloading 6227 unused Assets / (9.6 MB). Loaded Objects now: 6929.
Memory consumption went from 165.4 MB to 155.8 MB.
Total: 11.630200 ms (FindLiveObjects: 0.560000 ms CreateObjectMapping: 0.373000 ms MarkObjects: 6.128700 ms  DeleteObjects: 4.566500 ms)

Prepare: number of updated asset objects reloaded= 0
========================================================================
Received Import Request.
  Time since last request: 648.702905 seconds.
  path: ProjectSettings/TagManager.asset
  artifactKey: Guid(00000000000000003000000000000000) Importer(815301076,1909f56bfc062723c751e8b465ee728b)
Start importing ProjectSettings/TagManager.asset using Guid(00000000000000003000000000000000) Importer(815301076,1909f56bfc062723c751e8b465ee728b) (PreviewImporter) -> (artifact id: '3a7edb23da3ecee511b0136481fac718') in 0.0375618 seconds
Number of updated asset objects reloaded before import = 0Number of asset objects unloaded after import = 0

========================================================================
Received Prepare
Begin MonoManager ReloadAssembly
- Loaded All Assemblies, in  1.133 seconds
Refreshing native plugins compatible for Editor in 1.16 ms, found 3 plugins.
Native extension for WindowsStandalone target not found
[Package Manager] Failed to launch server process. Reason: Unity was launched with the -noUpm command-line argument
[Package Manager] Unable to send message (not connected to server process).
[Package Manager] Cannot connect to Unity Package Manager local server
Mono: successfully reloaded assembly
- Finished resetting the current domain, in  1.223 seconds
Domain Reload Profiling: 2356ms
	BeginReloadAssembly (338ms)
		ExecutionOrderSort (0ms)
		DisableScriptedObjects (8ms)
		BackupInstance (0ms)
		ReleaseScriptingObjects (0ms)
		CreateAndSetChildDomain (116ms)
	RebuildCommonClasses (39ms)
	RebuildNativeTypeToScriptingClass (13ms)
	initialDomainReloadingComplete (34ms)
	LoadAllAssembliesAndSetupDomain (708ms)
		LoadAssemblies (525ms)
		RebuildTransferFunctionScriptingTraits (0ms)
		AnalyzeDomain (300ms)
			TypeCache.Refresh (8ms)
				TypeCache.ScanAssembly (0ms)
			BuildScriptInfoCaches (267ms)
			ResolveRequiredComponents (16ms)
	FinalizeReload (1224ms)
		ReleaseScriptCaches (0ms)
		RebuildScriptCaches (0ms)
		SetupLoadedEditorAssemblies (1015ms)
			LogAssemblyErrors (0ms)
			InitializePlatformSupportModulesInManaged (3ms)
			SetLoadedEditorAssemblies (8ms)
			BeforeProcessingInitializeOnLoad (304ms)
			ProcessInitializeOnLoadAttributes (611ms)
			ProcessInitializeOnLoadMethodAttributes (82ms)
			AfterProcessingInitializeOnLoad (7ms)
			EditorAssembliesLoaded (0ms)
		ExecutionOrderSort2 (0ms)
		AwakeInstancesAfterBackupRestoration (22ms)
Refreshing native plugins compatible for Editor in 2.04 ms, found 3 plugins.
Preloading 0 native plugins for Editor in 0.00 ms.
Unloading 68 Unused Serialized files (Serialized files now loaded: 0)
Unloading 6227 unused Assets / (10.7 MB). Loaded Objects now: 6932.
Memory consumption went from 165.9 MB to 155.2 MB.
Total: 12.751900 ms (FindLiveObjects: 0.543700 ms CreateObjectMapping: 0.555100 ms MarkObjects: 5.894200 ms  DeleteObjects: 5.757100 ms)

Prepare: number of updated asset objects reloaded= 0
========================================================================
Received Import Request.
  Time since last request: 1463.090015 seconds.
  path: ProjectSettings/TagManager.asset
  artifactKey: Guid(00000000000000003000000000000000) Importer(815301076,1909f56bfc062723c751e8b465ee728b)
Start importing ProjectSettings/TagManager.asset using Guid(00000000000000003000000000000000) Importer(815301076,1909f56bfc062723c751e8b465ee728b) (PreviewImporter) -> (artifact id: '343c86ba8cb3d084ac7b852c47dd7d4b') in 0.0367185 seconds
Number of updated asset objects reloaded before import = 0Number of asset objects unloaded after import = 0

========================================================================
Received Import Request.
  Time since last request: 153.592507 seconds.
  path: Assets/Scenes/SampleScene_Profiles/NightVision Profile.asset
  artifactKey: Guid(76c64e26b02237542b567014fd03ff22) Importer(815301076,1909f56bfc062723c751e8b465ee728b)
Start importing Assets/Scenes/SampleScene_Profiles/NightVision Profile.asset using Guid(76c64e26b02237542b567014fd03ff22) Importer(815301076,1909f56bfc062723c751e8b465ee728b) (PreviewImporter) -> (artifact id: 'f11b7407df8ddd2afb7731b0965aeb33') in 0.0120722 seconds
Number of updated asset objects reloaded before import = 0Number of asset objects unloaded after import = 3

========================================================================
Received Import Request.
  Time since last request: 714.804476 seconds.
  path: Assets/Scenes/SampleScene/CameraForCamera Profile.asset
  artifactKey: Guid(15ac76d78749dfd448c2f3a5dbf4c6d1) Importer(815301076,1909f56bfc062723c751e8b465ee728b)
Start importing Assets/Scenes/SampleScene/CameraForCamera Profile.asset using Guid(15ac76d78749dfd448c2f3a5dbf4c6d1) Importer(815301076,1909f56bfc062723c751e8b465ee728b) (PreviewImporter) -> (artifact id: '0f59293eacc42e875bd275f3a36fb7c5') in 0.0034164 seconds
Number of updated asset objects reloaded before import = 0Number of asset objects unloaded after import = 3

========================================================================
Received Import Request.
  Time since last request: 13.120292 seconds.
  path: Assets/Scenes/SampleScene/CameraForCamera Profile.asset
  artifactKey: Guid(15ac76d78749dfd448c2f3a5dbf4c6d1) Importer(815301076,1909f56bfc062723c751e8b465ee728b)
Start importing Assets/Scenes/SampleScene/CameraForCamera Profile.asset using Guid(15ac76d78749dfd448c2f3a5dbf4c6d1) Importer(815301076,1909f56bfc062723c751e8b465ee728b) (PreviewImporter) -> (artifact id: 'ca04ae217f24756527191e42303f739f') in 0.0023534 seconds
Number of updated asset objects reloaded before import = 0Number of asset objects unloaded after import = 4

========================================================================
Received Import Request.
  Time since last request: 9.081829 seconds.
  path: Assets/Scenes/SampleScene/CameraForCamera Profile.asset
  artifactKey: Guid(15ac76d78749dfd448c2f3a5dbf4c6d1) Importer(815301076,1909f56bfc062723c751e8b465ee728b)
Start importing Assets/Scenes/SampleScene/CameraForCamera Profile.asset using Guid(15ac76d78749dfd448c2f3a5dbf4c6d1) Importer(815301076,1909f56bfc062723c751e8b465ee728b) (PreviewImporter) -> (artifact id: 'bd94461c4bb0cefd6ef40099bda76eae') in 0.0028913 seconds
Number of updated asset objects reloaded before import = 0Number of asset objects unloaded after import = 3

========================================================================
Received Import Request.
  Time since last request: 583.663835 seconds.
  path: Assets/Scenes/SampleScene/CameraForCamera Profile.asset
  artifactKey: Guid(15ac76d78749dfd448c2f3a5dbf4c6d1) Importer(815301076,1909f56bfc062723c751e8b465ee728b)
Start importing Assets/Scenes/SampleScene/CameraForCamera Profile.asset using Guid(15ac76d78749dfd448c2f3a5dbf4c6d1) Importer(815301076,1909f56bfc062723c751e8b465ee728b) (PreviewImporter) -> (artifact id: '02e40ae856c3dbb08226c03b7c5c31a1') in 0.0041004 seconds
Number of updated asset objects reloaded before import = 0Number of asset objects unloaded after import = 4

========================================================================
Received Import Request.
  Time since last request: 45.354743 seconds.
  path: Assets/Scenes/SampleScene/CameraForCamera Profile.asset
  artifactKey: Guid(15ac76d78749dfd448c2f3a5dbf4c6d1) Importer(815301076,1909f56bfc062723c751e8b465ee728b)
Start importing Assets/Scenes/SampleScene/CameraForCamera Profile.asset using Guid(15ac76d78749dfd448c2f3a5dbf4c6d1) Importer(815301076,1909f56bfc062723c751e8b465ee728b) (PreviewImporter) -> (artifact id: '525b800968952fd1c5a5a3568edf2994') in 0.002277 seconds
Number of updated asset objects reloaded before import = 0Number of asset objects unloaded after import = 3

========================================================================
Received Import Request.
  Time since last request: 15.127429 seconds.
  path: Assets/Scenes/SampleScene/CameraForCamera Profile.asset
  artifactKey: Guid(15ac76d78749dfd448c2f3a5dbf4c6d1) Importer(815301076,1909f56bfc062723c751e8b465ee728b)
Start importing Assets/Scenes/SampleScene/CameraForCamera Profile.asset using Guid(15ac76d78749dfd448c2f3a5dbf4c6d1) Importer(815301076,1909f56bfc062723c751e8b465ee728b) (PreviewImporter) -> (artifact id: 'd535f558eadd258026ace5b2bb7ceb07') in 0.0028403 seconds
Number of updated asset objects reloaded before import = 0Number of asset objects unloaded after import = 4

========================================================================
Received Import Request.
  Time since last request: 61.544511 seconds.
  path: Assets/Scenes/SampleScene/CameraForCamera Profile.asset
  artifactKey: Guid(15ac76d78749dfd448c2f3a5dbf4c6d1) Importer(815301076,1909f56bfc062723c751e8b465ee728b)
Start importing Assets/Scenes/SampleScene/CameraForCamera Profile.asset using Guid(15ac76d78749dfd448c2f3a5dbf4c6d1) Importer(815301076,1909f56bfc062723c751e8b465ee728b) (PreviewImporter) -> (artifact id: '93056aed47f3df87cff1bbc6f7800288') in 0.005326 seconds
Number of updated asset objects reloaded before import = 0Number of asset objects unloaded after import = 5

========================================================================
Received Import Request.
  Time since last request: 55.896368 seconds.
  path: Assets/Scenes/SampleScene/CameraForCamera Profile.asset
  artifactKey: Guid(15ac76d78749dfd448c2f3a5dbf4c6d1) Importer(815301076,1909f56bfc062723c751e8b465ee728b)
Start importing Assets/Scenes/SampleScene/CameraForCamera Profile.asset using Guid(15ac76d78749dfd448c2f3a5dbf4c6d1) Importer(815301076,1909f56bfc062723c751e8b465ee728b) (PreviewImporter) -> (artifact id: '528ebf3e478461454707116f01dbd217') in 0.0032931 seconds
Number of updated asset objects reloaded before import = 0Number of asset objects unloaded after import = 6

========================================================================
Received Import Request.
  Time since last request: 3.754435 seconds.
  path: Assets/Scenes/SampleScene/CameraForCamera Profile.asset
  artifactKey: Guid(15ac76d78749dfd448c2f3a5dbf4c6d1) Importer(815301076,1909f56bfc062723c751e8b465ee728b)
Start importing Assets/Scenes/SampleScene/CameraForCamera Profile.asset using Guid(15ac76d78749dfd448c2f3a5dbf4c6d1) Importer(815301076,1909f56bfc062723c751e8b465ee728b) (PreviewImporter) -> (artifact id: '86a9e3145de62c079381e17e71fcb997') in 0.0023022 seconds
Number of updated asset objects reloaded before import = 0Number of asset objects unloaded after import = 5

========================================================================
Received Import Request.
  Time since last request: 30.287865 seconds.
  path: Assets/Scenes/SampleScene/CameraForCamera Profile.asset
  artifactKey: Guid(15ac76d78749dfd448c2f3a5dbf4c6d1) Importer(815301076,1909f56bfc062723c751e8b465ee728b)
Start importing Assets/Scenes/SampleScene/CameraForCamera Profile.asset using Guid(15ac76d78749dfd448c2f3a5dbf4c6d1) Importer(815301076,1909f56bfc062723c751e8b465ee728b) (PreviewImporter) -> (artifact id: '5b6fef486d48cee60ab63301b160a3b3') in 0.0044298 seconds
Number of updated asset objects reloaded before import = 0Number of asset objects unloaded after import = 4

========================================================================
Received Import Request.
  Time since last request: 5.231946 seconds.
  path: Assets/Scenes/SampleScene/CameraForCamera Profile.asset
  artifactKey: Guid(15ac76d78749dfd448c2f3a5dbf4c6d1) Importer(815301076,1909f56bfc062723c751e8b465ee728b)
Start importing Assets/Scenes/SampleScene/CameraForCamera Profile.asset using Guid(15ac76d78749dfd448c2f3a5dbf4c6d1) Importer(815301076,1909f56bfc062723c751e8b465ee728b) (PreviewImporter) -> (artifact id: '75feb16e4d041d36824e3c407f2476ed') in 0.0032102 seconds
Number of updated asset objects reloaded before import = 0Number of asset objects unloaded after import = 5

========================================================================
Received Import Request.
  Time since last request: 461.754996 seconds.
  path: Assets/Prefab
  artifactKey: Guid(99c67044ff81157418f33be2ada53feb) Importer(815301076,1909f56bfc062723c751e8b465ee728b)
Start importing Assets/Prefab using Guid(99c67044ff81157418f33be2ada53feb) Importer(815301076,1909f56bfc062723c751e8b465ee728b) (PreviewImporter) -> (artifact id: '4397dcc707b1f13ce220cbbdf1ea0967') in 0.0013744 seconds
Number of updated asset objects reloaded before import = 0Number of asset objects unloaded after import = 0

========================================================================
Received Import Request.
  Time since last request: 3.431403 seconds.
  path: Assets/Prefab/CameraArme.prefab
  artifactKey: Guid(ba84f2f9261b8e340894a6976b378c6f) Importer(815301076,1909f56bfc062723c751e8b465ee728b)
Start importing Assets/Prefab/CameraArme.prefab using Guid(ba84f2f9261b8e340894a6976b378c6f) Importer(815301076,1909f56bfc062723c751e8b465ee728b) (PreviewImporter) -> (artifact id: 'fc1ee3edcf334645755272e378c0a131') in 1.036077 seconds
Number of updated asset objects reloaded before import = 0Number of asset objects unloaded after import = 87

========================================================================
Received Import Request.
  Time since last request: 2094.816677 seconds.
  path: Assets/Objects/PigDemonTimidIdle.fbx
  artifactKey: Guid(77a827bce8615ec478270ca2f26032ef) Importer(815301076,1909f56bfc062723c751e8b465ee728b)
Start importing Assets/Objects/PigDemonTimidIdle.fbx using Guid(77a827bce8615ec478270ca2f26032ef) Importer(815301076,1909f56bfc062723c751e8b465ee728b) (PreviewImporter) -> (artifact id: '8104aea52bbc1695368f2d163c0714b0') in 0.4636408 seconds
Number of updated asset objects reloaded before import = 0Number of asset objects unloaded after import = 222

========================================================================
Received Import Request.
  Time since last request: 1.644648 seconds.
  path: Assets/Settings/DefaultVolumeProfile.asset
  artifactKey: Guid(ab09877e2e707104187f6f83e2f62510) Importer(815301076,1909f56bfc062723c751e8b465ee728b)
Start importing Assets/Settings/DefaultVolumeProfile.asset using Guid(ab09877e2e707104187f6f83e2f62510) Importer(815301076,1909f56bfc062723c751e8b465ee728b) (PreviewImporter) -> (artifact id: '10528149371aefc32227726816d72a59') in 0.001663 seconds
Number of updated asset objects reloaded before import = 0Number of asset objects unloaded after import = 0

========================================================================
Received Import Request.
  Time since last request: 0.000035 seconds.
  path: Assets/Settings/UniversalRenderPipelineGlobalSettings.asset
  artifactKey: Guid(18dc0cd2c080841dea60987a38ce93fa) Importer(815301076,1909f56bfc062723c751e8b465ee728b)
Start importing Assets/Settings/UniversalRenderPipelineGlobalSettings.asset using Guid(18dc0cd2c080841dea60987a38ce93fa) Importer(815301076,1909f56bfc062723c751e8b465ee728b) (PreviewImporter) -> (artifact id: '73711b359a779bfde88a55d7c22d2569') in 0.0025888 seconds
Number of updated asset objects reloaded before import = 0Number of asset objects unloaded after import = 0

========================================================================
Received Import Request.
  Time since last request: 13.353658 seconds.
  path: Assets/Textures/PigDemon DIFF.jpeg
  artifactKey: Guid(7e43bd1ac746bcc4787062ace6ad3a13) Importer(815301076,1909f56bfc062723c751e8b465ee728b)
Start importing Assets/Textures/PigDemon DIFF.jpeg using Guid(7e43bd1ac746bcc4787062ace6ad3a13) Importer(815301076,1909f56bfc062723c751e8b465ee728b) (PreviewImporter) -> (artifact id: '6ace8db53390620db8b9103d135a1a3e') in 0.0615716 seconds
Number of updated asset objects reloaded before import = 0Number of asset objects unloaded after import = 2

========================================================================
Received Import Request.
  Time since last request: 3.238661 seconds.
  path: Assets/Textures/PigDemon NORM3.png
  artifactKey: Guid(2b112975b9b8bff4d8161209ce0c4a30) Importer(815301076,1909f56bfc062723c751e8b465ee728b)
Start importing Assets/Textures/PigDemon NORM3.png using Guid(2b112975b9b8bff4d8161209ce0c4a30) Importer(815301076,1909f56bfc062723c751e8b465ee728b) (PreviewImporter) -> (artifact id: 'd30b5980071130937e80cb6b25b4e55c') in 0.0481947 seconds
Number of updated asset objects reloaded before import = 0Number of asset objects unloaded after import = 2

========================================================================
Received Import Request.
  Time since last request: 3.989476 seconds.
  path: Assets/Objects/PigDemonTimidIdle.fbx
  artifactKey: Guid(77a827bce8615ec478270ca2f26032ef) Importer(815301076,1909f56bfc062723c751e8b465ee728b)
Start importing Assets/Objects/PigDemonTimidIdle.fbx using Guid(77a827bce8615ec478270ca2f26032ef) Importer(815301076,1909f56bfc062723c751e8b465ee728b) (PreviewImporter) -> (artifact id: '3ca269664f852213fb9689ae4b3bddca') in 4.9086446 seconds
Number of updated asset objects reloaded before import = 0Number of asset objects unloaded after import = 223

========================================================================
Received Import Request.
  Time since last request: 11.713027 seconds.
  path: Assets/Textures/Monstre_mat.mat
  artifactKey: Guid(c05d19eff6100b04dacc49bac26856da) Importer(815301076,1909f56bfc062723c751e8b465ee728b)
Start importing Assets/Textures/Monstre_mat.mat using Guid(c05d19eff6100b04dacc49bac26856da) Importer(815301076,1909f56bfc062723c751e8b465ee728b) (PreviewImporter) -> (artifact id: 'cbc3f122128cc9592b4b186f0f9a62f0') in 0.0449599 seconds
Number of updated asset objects reloaded before import = 0Number of asset objects unloaded after import = 1

========================================================================
Received Prepare
Refreshing native plugins compatible for Editor in 6.09 ms, found 3 plugins.
Preloading 0 native plugins for Editor in 0.00 ms.
Unloading 68 Unused Serialized files (Serialized files now loaded: 0)
Unloading 6222 unused Assets / (9.7 MB). Loaded Objects now: 7082.
Memory consumption went from 182.1 MB to 172.3 MB.
Total: 98.314900 ms (FindLiveObjects: 2.259000 ms CreateObjectMapping: 0.751600 ms MarkObjects: 90.594500 ms  DeleteObjects: 4.703200 ms)

Prepare: number of updated asset objects reloaded= 0
========================================================================
Received Prepare
Refreshing native plugins compatible for Editor in 1.15 ms, found 3 plugins.
Preloading 0 native plugins for Editor in 0.00 ms.
Unloading 68 Unused Serialized files (Serialized files now loaded: 0)
Unloading 6219 unused Assets / (11.3 MB). Loaded Objects now: 7081.
Memory consumption went from 182.0 MB to 170.7 MB.
Total: 11.851800 ms (FindLiveObjects: 0.725700 ms CreateObjectMapping: 0.324700 ms MarkObjects: 5.937900 ms  DeleteObjects: 4.826600 ms)

Prepare: number of updated asset objects reloaded= 0
========================================================================
Received Prepare
Begin MonoManager ReloadAssembly
- Loaded All Assemblies, in  1.600 seconds
Refreshing native plugins compatible for Editor in 1.03 ms, found 3 plugins.
Native extension for WindowsStandalone target not found
[Package Manager] Failed to launch server process. Reason: Unity was launched with the -noUpm command-line argument
[Package Manager] Unable to send message (not connected to server process).
[Package Manager] Cannot connect to Unity Package Manager local server
Mono: successfully reloaded assembly
- Finished resetting the current domain, in  1.045 seconds
Domain Reload Profiling: 2642ms
	BeginReloadAssembly (469ms)
		ExecutionOrderSort (0ms)
		DisableScriptedObjects (54ms)
		BackupInstance (0ms)
		ReleaseScriptingObjects (0ms)
		CreateAndSetChildDomain (182ms)
	RebuildCommonClasses (65ms)
	RebuildNativeTypeToScriptingClass (25ms)
	initialDomainReloadingComplete (57ms)
	LoadAllAssembliesAndSetupDomain (980ms)
		LoadAssemblies (843ms)
		RebuildTransferFunctionScriptingTraits (0ms)
		AnalyzeDomain (276ms)
			TypeCache.Refresh (17ms)
				TypeCache.ScanAssembly (0ms)
			BuildScriptInfoCaches (237ms)
			ResolveRequiredComponents (12ms)
	FinalizeReload (1046ms)
		ReleaseScriptCaches (0ms)
		RebuildScriptCaches (0ms)
		SetupLoadedEditorAssemblies (865ms)
			LogAssemblyErrors (0ms)
			InitializePlatformSupportModulesInManaged (4ms)
			SetLoadedEditorAssemblies (9ms)
			BeforeProcessingInitializeOnLoad (251ms)
			ProcessInitializeOnLoadAttributes (532ms)
			ProcessInitializeOnLoadMethodAttributes (62ms)
			AfterProcessingInitializeOnLoad (7ms)
			EditorAssembliesLoaded (1ms)
		ExecutionOrderSort2 (0ms)
		AwakeInstancesAfterBackupRestoration (18ms)
Refreshing native plugins compatible for Editor in 2.18 ms, found 3 plugins.
Preloading 0 native plugins for Editor in 0.00 ms.
Unloading 68 Unused Serialized files (Serialized files now loaded: 0)
Unloading 6226 unused Assets / (9.8 MB). Loaded Objects now: 6964.
Memory consumption went from 176.7 MB to 166.9 MB.
Total: 13.502700 ms (FindLiveObjects: 1.664800 ms CreateObjectMapping: 0.409200 ms MarkObjects: 6.841200 ms  DeleteObjects: 4.586000 ms)

Prepare: number of updated asset objects reloaded= 0
========================================================================
Received Import Request.
  Time since last request: 87.304486 seconds.
  path: Assets/Animations
  artifactKey: Guid(3e8d3042ae2dd2f46882235968833dc5) Importer(815301076,1909f56bfc062723c751e8b465ee728b)
Start importing Assets/Animations using Guid(3e8d3042ae2dd2f46882235968833dc5) Importer(815301076,1909f56bfc062723c751e8b465ee728b) (PreviewImporter) -> (artifact id: '391fd05fbba63cefef0aac6544ef6663') in 0.0068387 seconds
Number of updated asset objects reloaded before import = 0Number of asset objects unloaded after import = 0

========================================================================
Received Import Request.
  Time since last request: 15.857640 seconds.
  path: Assets/Animations/Monstre_anim.controller
  artifactKey: Guid(12a95f4cfa6aa084f804ad17b3401c68) Importer(815301076,1909f56bfc062723c751e8b465ee728b)
Start importing Assets/Animations/Monstre_anim.controller using Guid(12a95f4cfa6aa084f804ad17b3401c68) Importer(815301076,1909f56bfc062723c751e8b465ee728b) (PreviewImporter) -> (artifact id: 'd110a26464d4de176372c8608f416263') in 0.0294734 seconds
Number of updated asset objects reloaded before import = 0Number of asset objects unloaded after import = 1

========================================================================
Received Import Request.
  Time since last request: 185.119847 seconds.
  path: Assets/Animations/Zombie Run.fbx
  artifactKey: Guid(78e6711cd3393e245ba7c19672d04624) Importer(815301076,1909f56bfc062723c751e8b465ee728b)
Start importing Assets/Animations/Zombie Run.fbx using Guid(78e6711cd3393e245ba7c19672d04624) Importer(815301076,1909f56bfc062723c751e8b465ee728b) (PreviewImporter) -> (artifact id: 'f3d631808e6b5a1573e1f14a045c9795') in 0.0669334 seconds
Number of updated asset objects reloaded before import = 0Number of asset objects unloaded after import = 135

========================================================================
Received Import Request.
  Time since last request: 590.317212 seconds.
  path: Assets/Objects/PigDemonTimidIdle.fbx
  artifactKey: Guid(77a827bce8615ec478270ca2f26032ef) Importer(815301076,1909f56bfc062723c751e8b465ee728b)
Start importing Assets/Objects/PigDemonTimidIdle.fbx using Guid(77a827bce8615ec478270ca2f26032ef) Importer(815301076,1909f56bfc062723c751e8b465ee728b) (PreviewImporter) -> (artifact id: '755d155e04422a71db49b3b9bd295d8c') in 2.0123212 seconds
Number of updated asset objects reloaded before import = 0Number of asset objects unloaded after import = 224

========================================================================
Received Import Request.
  Time since last request: 24.763850 seconds.
  path: Assets/Textures/Monstre_mat.mat
  artifactKey: Guid(c05d19eff6100b04dacc49bac26856da) Importer(815301076,1909f56bfc062723c751e8b465ee728b)
Start importing Assets/Textures/Monstre_mat.mat using Guid(c05d19eff6100b04dacc49bac26856da) Importer(815301076,1909f56bfc062723c751e8b465ee728b) (PreviewImporter) -> (artifact id: '5c4f58a18df0eb6ecc618747cd0a2de7') in 0.1115453 seconds
Number of updated asset objects reloaded before import = 0Number of asset objects unloaded after import = 3

========================================================================
Received Import Request.
  Time since last request: 12.115789 seconds.
  path: Assets/Materials/PigDemon DIFF.mat
  artifactKey: Guid(fe0dda373313bfc409b2b03f4662f4f1) Importer(815301076,1909f56bfc062723c751e8b465ee728b)
Start importing Assets/Materials/PigDemon DIFF.mat using Guid(fe0dda373313bfc409b2b03f4662f4f1) Importer(815301076,1909f56bfc062723c751e8b465ee728b) (PreviewImporter) -> (artifact id: '6331a6bbab41ee9c457b28dc8650e4ae') in 0.0776937 seconds
Number of updated asset objects reloaded before import = 0Number of asset objects unloaded after import = 2

========================================================================
Received Import Request.
  Time since last request: 4.697962 seconds.
  path: Assets/Animations/Running.fbx
  artifactKey: Guid(fbb975524acea994eb696fc5f1e8a626) Importer(815301076,1909f56bfc062723c751e8b465ee728b)
Start importing Assets/Animations/Running.fbx using Guid(fbb975524acea994eb696fc5f1e8a626) Importer(815301076,1909f56bfc062723c751e8b465ee728b) (PreviewImporter) -> (artifact id: '64cb4a99ffed7e77809b66a4654649d2') in 0.023756 seconds
Number of updated asset objects reloaded before import = 0Number of asset objects unloaded after import = 217

========================================================================
Received Import Request.
  Time since last request: 13.400630 seconds.
  path: Assets/Animations/Monstre_anim.controller
  artifactKey: Guid(12a95f4cfa6aa084f804ad17b3401c68) Importer(815301076,1909f56bfc062723c751e8b465ee728b)
Start importing Assets/Animations/Monstre_anim.controller using Guid(12a95f4cfa6aa084f804ad17b3401c68) Importer(815301076,1909f56bfc062723c751e8b465ee728b) (PreviewImporter) -> (artifact id: '8b8adb29c21aba2f137aa61f842fc6f9') in 0.0095806 seconds
Number of updated asset objects reloaded before import = 0Number of asset objects unloaded after import = 3

========================================================================
Received Import Request.
  Time since last request: 34.659284 seconds.
  path: Assets/Animations/Running.fbx
  artifactKey: Guid(fbb975524acea994eb696fc5f1e8a626) Importer(815301076,1909f56bfc062723c751e8b465ee728b)
Start importing Assets/Animations/Running.fbx using Guid(fbb975524acea994eb696fc5f1e8a626) Importer(815301076,1909f56bfc062723c751e8b465ee728b) (PreviewImporter) -> (artifact id: '6db7b16a6cebfe2b394e93cc638ae252') in 0.0133456 seconds
Number of updated asset objects reloaded before import = 0Number of asset objects unloaded after import = 217

========================================================================
Received Import Request.
  Time since last request: 181.036261 seconds.
  path: Assets/Animations/Standing Idle.fbx
  artifactKey: Guid(a8bfbc349c6c84045b615608201cad70) Importer(815301076,1909f56bfc062723c751e8b465ee728b)
Start importing Assets/Animations/Standing Idle.fbx using Guid(a8bfbc349c6c84045b615608201cad70) Importer(815301076,1909f56bfc062723c751e8b465ee728b) (PreviewImporter) -> (artifact id: '12b2b45dddd163b12af0b4013928f1b1') in 0.0169638 seconds
Number of updated asset objects reloaded before import = 0Number of asset objects unloaded after import = 217

========================================================================
Received Import Request.
  Time since last request: 8.874677 seconds.
  path: Assets/Animations/Standing Idle.fbx
  artifactKey: Guid(a8bfbc349c6c84045b615608201cad70) Importer(815301076,1909f56bfc062723c751e8b465ee728b)
Start importing Assets/Animations/Standing Idle.fbx using Guid(a8bfbc349c6c84045b615608201cad70) Importer(815301076,1909f56bfc062723c751e8b465ee728b) (PreviewImporter) -> (artifact id: '6840c32a80a8cb7d5c23e16f2525473d') in 0.0113501 seconds
Number of updated asset objects reloaded before import = 0Number of asset objects unloaded after import = 217

========================================================================
Received Import Request.
  Time since last request: 220.208204 seconds.
  path: Assets/Prefab/CameraArme.prefab
  artifactKey: Guid(ba84f2f9261b8e340894a6976b378c6f) Importer(815301076,1909f56bfc062723c751e8b465ee728b)
Start importing Assets/Prefab/CameraArme.prefab using Guid(ba84f2f9261b8e340894a6976b378c6f) Importer(815301076,1909f56bfc062723c751e8b465ee728b) (PreviewImporter) -> (artifact id: 'f173e6fa40951b2d5a363d60b70fa917') in 0.0893353 seconds
Number of updated asset objects reloaded before import = 0Number of asset objects unloaded after import = 87

========================================================================
Received Import Request.
  Time since last request: 2.928953 seconds.
  path: Assets/Prefab/PigDemonTimidIdle.prefab
  artifactKey: Guid(4cb42b9a376de2f468244fb92b31c11d) Importer(815301076,1909f56bfc062723c751e8b465ee728b)
Start importing Assets/Prefab/PigDemonTimidIdle.prefab using Guid(4cb42b9a376de2f468244fb92b31c11d) Importer(815301076,1909f56bfc062723c751e8b465ee728b) (PreviewImporter) -> (artifact id: '3ff199aa34c3487074ba4172ddfed7f4') in 0.1623365 seconds
Number of updated asset objects reloaded before import = 0Number of asset objects unloaded after import = 448

========================================================================
Received Import Request.
  Time since last request: 8.514904 seconds.
  path: Assets/Prefab/DemonPig.prefab
  artifactKey: Guid(4cb42b9a376de2f468244fb92b31c11d) Importer(815301076,1909f56bfc062723c751e8b465ee728b)
Start importing Assets/Prefab/DemonPig.prefab using Guid(4cb42b9a376de2f468244fb92b31c11d) Importer(815301076,1909f56bfc062723c751e8b465ee728b) (PreviewImporter) -> (artifact id: '066cc4876b1dd7f2122c1a228e45c95f') in 0.1165902 seconds
Number of updated asset objects reloaded before import = 0Number of asset objects unloaded after import = 448

========================================================================
Received Import Request.
  Time since last request: 268.883122 seconds.
  path: Assets/Objects/Ch01_nonPBR.fbx
  artifactKey: Guid(2f387a99a6dbdd948bdec407af624e50) Importer(815301076,1909f56bfc062723c751e8b465ee728b)
Start importing Assets/Objects/Ch01_nonPBR.fbx using Guid(2f387a99a6dbdd948bdec407af624e50) Importer(815301076,1909f56bfc062723c751e8b465ee728b) (PreviewImporter) -> (artifact id: 'f80f1e86aa2a4489dbb214197dc4fd21') in 4.7946414 seconds
Number of updated asset objects reloaded before import = 0Number of asset objects unloaded after import = 157

========================================================================
Received Import Request.
  Time since last request: 208.544063 seconds.
  path: ProjectSettings/TagManager.asset
  artifactKey: Guid(00000000000000003000000000000000) Importer(815301076,1909f56bfc062723c751e8b465ee728b)
Start importing ProjectSettings/TagManager.asset using Guid(00000000000000003000000000000000) Importer(815301076,1909f56bfc062723c751e8b465ee728b) (PreviewImporter) -> (artifact id: '60d47fa245603c177bc14ed06ab8745f') in 0.0075731 seconds
Number of updated asset objects reloaded before import = 0Number of asset objects unloaded after import = 0

========================================================================
Received Import Request.
  Time since last request: 194.163789 seconds.
  path: Assets/Animations/Human_animation.controller
  artifactKey: Guid(fc50cbcef52bff24293c87bd662bd764) Importer(815301076,1909f56bfc062723c751e8b465ee728b)
Start importing Assets/Animations/Human_animation.controller using Guid(fc50cbcef52bff24293c87bd662bd764) Importer(815301076,1909f56bfc062723c751e8b465ee728b) (PreviewImporter) -> (artifact id: '78efe9b3bc673e02d595b5061d9a9fea') in 0.0060901 seconds
Number of updated asset objects reloaded before import = 0Number of asset objects unloaded after import = 1

========================================================================
Received Prepare
Begin MonoManager ReloadAssembly
- Loaded All Assemblies, in  2.095 seconds
Refreshing native plugins compatible for Editor in 2.65 ms, found 3 plugins.
Native extension for WindowsStandalone target not found
[Package Manager] Failed to launch server process. Reason: Unity was launched with the -noUpm command-line argument
[Package Manager] Unable to send message (not connected to server process).
[Package Manager] Cannot connect to Unity Package Manager local server
Mono: successfully reloaded assembly
- Finished resetting the current domain, in  1.949 seconds
Domain Reload Profiling: 4045ms
	BeginReloadAssembly (619ms)
		ExecutionOrderSort (0ms)
		DisableScriptedObjects (53ms)
		BackupInstance (0ms)
		ReleaseScriptingObjects (1ms)
		CreateAndSetChildDomain (184ms)
	RebuildCommonClasses (82ms)
	RebuildNativeTypeToScriptingClass (30ms)
	initialDomainReloadingComplete (71ms)
	LoadAllAssembliesAndSetupDomain (1293ms)
		LoadAssemblies (1150ms)
		RebuildTransferFunctionScriptingTraits (0ms)
		AnalyzeDomain (408ms)
			TypeCache.Refresh (14ms)
				TypeCache.ScanAssembly (0ms)
			BuildScriptInfoCaches (361ms)
			ResolveRequiredComponents (22ms)
	FinalizeReload (1950ms)
		ReleaseScriptCaches (0ms)
		RebuildScriptCaches (0ms)
		SetupLoadedEditorAssemblies (1584ms)
			LogAssemblyErrors (0ms)
			InitializePlatformSupportModulesInManaged (9ms)
			SetLoadedEditorAssemblies (18ms)
			BeforeProcessingInitializeOnLoad (480ms)
			ProcessInitializeOnLoadAttributes (914ms)
			ProcessInitializeOnLoadMethodAttributes (149ms)
			AfterProcessingInitializeOnLoad (13ms)
			EditorAssembliesLoaded (1ms)
		ExecutionOrderSort2 (0ms)
		AwakeInstancesAfterBackupRestoration (39ms)
Refreshing native plugins compatible for Editor in 3.73 ms, found 3 plugins.
Preloading 0 native plugins for Editor in 0.00 ms.
Unloading 68 Unused Serialized files (Serialized files now loaded: 0)
Unloading 6228 unused Assets / (11.4 MB). Loaded Objects now: 6987.
Memory consumption went from 176.9 MB to 165.5 MB.
Total: 19.535400 ms (FindLiveObjects: 0.936800 ms CreateObjectMapping: 0.832700 ms MarkObjects: 8.764500 ms  DeleteObjects: 8.999900 ms)

Prepare: number of updated asset objects reloaded= 0
========================================================================
Received Import Request.
  Time since last request: 127.682573 seconds.
  path: Assets/Objects/Ch01_nonPBR.fbx
  artifactKey: Guid(2f387a99a6dbdd948bdec407af624e50) Importer(815301076,1909f56bfc062723c751e8b465ee728b)
Start importing Assets/Objects/Ch01_nonPBR.fbx using Guid(2f387a99a6dbdd948bdec407af624e50) Importer(815301076,1909f56bfc062723c751e8b465ee728b) (PreviewImporter) -> (artifact id: '72f7f2c72bfa9509762bbfefeaf3ebc9') in 7.2936469 seconds
Number of updated asset objects reloaded before import = 0Number of asset objects unloaded after import = 159

========================================================================
Received Import Request.
  Time since last request: 1.225009 seconds.
  path: Assets/Objects/Ch01_1001_Normal.png
  artifactKey: Guid(f95f141e9f79b95408ae00b9fa1da182) Importer(815301076,1909f56bfc062723c751e8b465ee728b)
Start importing Assets/Objects/Ch01_1001_Normal.png using Guid(f95f141e9f79b95408ae00b9fa1da182) Importer(815301076,1909f56bfc062723c751e8b465ee728b) (PreviewImporter) -> (artifact id: '86b42c9e482e8e7fce7cbd966c864dfa') in 0.0900038 seconds
Number of updated asset objects reloaded before import = 0Number of asset objects unloaded after import = 2

Editor requested this worker to shutdown with reason: Scaling down because of idle timeout
AssetImportWorker is now disconnected from the server
Process exiting
Exiting without the bug reporter. Application will terminate with return code 0